[debug] [2018-09-13T17:27:37.934Z] ----------------------------------------------------------------------
[debug] [2018-09-13T17:27:37.936Z] Command:       /usr/local/Cellar/node/10.0.0/bin/node /usr/local/bin/firebase deploy --only functions
[debug] [2018-09-13T17:27:37.936Z] CLI Version:   3.19.3
[debug] [2018-09-13T17:27:37.936Z] Platform:      darwin
[debug] [2018-09-13T17:27:37.936Z] Node Version:  v8.11.4
[debug] [2018-09-13T17:27:37.937Z] Time:          Thu Sep 13 2018 13:27:37 GMT-0400 (EDT)
[debug] [2018-09-13T17:27:37.937Z] ----------------------------------------------------------------------
[debug] 
[debug] [2018-09-13T17:27:37.947Z] > command requires scopes: ["email","openid","https://www.googleapis.com/auth/cloudplatformprojects.readonly","https://www.googleapis.com/auth/firebase","https://www.googleapis.com/auth/cloud-platform"]
[debug] [2018-09-13T17:27:37.947Z] > authorizing via signed-in user
[debug] [2018-09-13T17:27:37.949Z] >>> HTTP REQUEST GET https://admin.firebase.com/v1/projects/betterbudget-244ff  
  
 Thu Sep 13 2018 13:27:37 GMT-0400 (EDT)
[debug] [2018-09-13T17:28:01.445Z] ----------------------------------------------------------------------
[debug] [2018-09-13T17:28:01.447Z] Command:       /usr/local/Cellar/node/10.0.0/bin/node /usr/local/bin/firebase deploy --only functions
[debug] [2018-09-13T17:28:01.447Z] CLI Version:   3.19.3
[debug] [2018-09-13T17:28:01.447Z] Platform:      darwin
[debug] [2018-09-13T17:28:01.447Z] Node Version:  v8.11.4
[debug] [2018-09-13T17:28:01.448Z] Time:          Thu Sep 13 2018 13:28:01 GMT-0400 (EDT)
[debug] [2018-09-13T17:28:01.448Z] ----------------------------------------------------------------------
[debug] 
[debug] [2018-09-13T17:28:01.457Z] > command requires scopes: ["email","openid","https://www.googleapis.com/auth/cloudplatformprojects.readonly","https://www.googleapis.com/auth/firebase","https://www.googleapis.com/auth/cloud-platform"]
[debug] [2018-09-13T17:28:01.458Z] > authorizing via signed-in user
[debug] [2018-09-13T17:28:01.459Z] >>> HTTP REQUEST GET https://admin.firebase.com/v1/projects/betterbudget-244ff  
  
 Thu Sep 13 2018 13:28:01 GMT-0400 (EDT)
[debug] [2018-09-13T17:28:02.065Z] Error: self signed certificate in certificate chain
    at TLSSocket.<anonymous> (_tls_wrap.js:1105:38)
    at emitNone (events.js:106:13)
    at TLSSocket.emit (events.js:208:7)
    at TLSSocket._finishInit (_tls_wrap.js:639:8)
    at TLSWrap.ssl.onhandshakedone (_tls_wrap.js:469:38)
[error] 
[error] Error: Server Error. self signed certificate in certificate chain
